<?xml version="1.0" encoding="UTF-8"?>
<!-- Generated by org.testng.reporters.JUnitReportReporter -->
<testsuite hostname="LAPTOP-JHD1LP25" failures="0" tests="1" name="VTigerTestCase.Contact_WithDate_FTc1" time="46.257" errors="0" timestamp="2024-10-26T10:29:50 IST" skipped="0">
  <testcase classname="VTigerTestCase.Contact_WithDate_FTc1" name="createConWithSupportSEDate" time="46.257">
    <system-out>
      <![CDATA[Expected Start date is displayed 
Expected end date is displayed]]>
    </system-out>
  </testcase> <!-- createConWithSupportSEDate -->
  <system-out>
    <![CDATA[Expected Start date is displayed 
Expected end date is displayed]]>
  </system-out>
</testsuite> <!-- VTigerTestCase.Contact_WithDate_FTc1 -->
