<?xml version="1.0" encoding="UTF-8"?>
<!-- Generated by org.testng.reporters.JUnitReportReporter -->
<testsuite hostname="LAPTOP-JHD1LP25" failures="0" tests="1" name="DWSTestCase.GiftCard_TC2" time="34.543" errors="0" timestamp="2024-10-28T08:37:02 IST" skipped="0">
  <testcase classname="DWSTestCase.GiftCard_TC2" name="createConWithSupportSEDate" time="34.543">
    <system-out>
      <![CDATA[Gift card added successfuuly]]>
    </system-out>
  </testcase> <!-- createConWithSupportSEDate -->
  <system-out>
    <![CDATA[Gift card added successfuuly]]>
  </system-out>
</testsuite> <!-- DWSTestCase.GiftCard_TC2 -->
